1593934453356	mozrunner::runner	INFO	Running command: "C:\\Program Files\\Mozilla Firefox\\firefox.exe" "-marionette" "-foreground" "-no-remote" "-profile" "C:\\Users\\willlee\\AppData\\Local\\Temp\\rust_mozprofile.0gSYp19HTqxn"
JavaScript error: resource://gre/modules/XULStore.jsm, line 66: Error: Can't find profile directory.
1593934455869	Marionette	INFO	Listening on port 52776
1593934456091	Marionette	WARN	TLS certificate errors will be ignored for this session
1593934463704	Marionette	INFO	Stopped listening on port 52776

###!!! [Child][RunMessage] Error: Channel closing: too late to send/recv, messages will be lost


###!!! [Child][MessageChannel::SendAndWait] Error: Channel error: cannot send/recv

1594079254161	mozrunner::runner	INFO	Running command: "C:\\Program Files\\Mozilla Firefox\\firefox.exe" "-marionette" "-foreground" "-no-remote" "-profile" "C:\\Users\\willlee\\AppData\\Local\\Temp\\rust_mozprofile.zOopQY0NkpI3"
JavaScript error: resource://gre/modules/XULStore.jsm, line 66: Error: Can't find profile directory.
1594079256393	Marionette	INFO	Listening on port 64346
1594079256878	Marionette	WARN	TLS certificate errors will be ignored for this session
JavaScript error: https://apex.natinst.com/apex/f?p=NIAPEXMENU:101, line 132: ReferenceError: html_GetElement is not defined
1594080172964	Marionette	INFO	Stopped listening on port 64346

###!!! [Child][MessageChannel::SendAndWait] Error: Channel error: cannot send/recv

ile" "C:\\Users\\willlee\\AppData\\Local\\Temp\\rust_mozprofile.4HVSmLCWssko"
JavaScript error: resource://gre/modules/XULStore.jsm, line 66: Error: Can't find profile directory.
1594079985711	Marionette	INFO	Listening on port 64717
1594079986134	Marionette	WARN	TLS certificate errors will be ignored for this session
JavaScript error: https://apex.natinst.com/apex/f?p=NIAPEXMENU:101, line 132: ReferenceError: html_GetElement is not defined
1594081412426	Marionette	WARN	TimedPromise timed out after 500 ms: stacktrace:
TimedPromise/<@chrome://marionette/content/sync.js:245:13
TimedPromise@chrome://marionette/content/sync.js:230:10
interaction.flushEventLoop@chrome://marionette/content/interaction.js:416:10
webdriverClickElement@chrome://marionette/content/interaction.js:182:31
1594082590731	Marionette	INFO	Stopped listening on port 64717

###!!! [Child][RunMessage] Error: Channel closing: too late to send/recv, messages will be lost


###!!! [Child][MessageChannel::SendAndWait] Error: Channel error: cannot send/recv

1594103213297	mozrunner::runner	INFO	Running command: "C:\\Program Files\\Mozilla Firefox\\firefox.exe" "-marionette" "-foreground" "-no-remote" "-profile" "C:\\Users\\willlee\\AppData\\Local\\Temp\\rust_mozprofile.QLmd3vapF9NE"
JavaScript error: resource://gre/modules/XULStore.jsm, line 66: Error: Can't find profile directory.
1594103216408	Marionette	INFO	Listening on port 51750
1594103216514	Marionette	WARN	TLS certificate errors will be ignored for this session
JavaScript error: resource://gre/modules/URIFixup.jsm, line 281: NS_ERROR_FAILURE: Should pass a non-null uri
1594119872753	Marionette	INFO	Stopped listening on port 51750

###!!! [Child][RunMessage] Error: Channel closing: too late to send/recv, messages will be lost


###!!! [Child][MessageChannel::SendAndWait] Error: Channel error: cannot send/recv

1594176342239	mozrunner::runner	INFO	Running command: "C:\\Program Files\\Mozilla Firefox\\firefox.exe" "-marionette" "-foreground" "-no-remote" "-profile" "C:\\Users\\willlee\\AppData\\Local\\Temp\\rust_mozprofile.AoVqjXt8Evpg"
JavaScript error: resource://gre/modules/XULStore.jsm, line 66: Error: Can't find profile directory.
1594176345139	Marionette	INFO	Listening on port 54487
1594176345467	Marionette	WARN	TLS certificate errors will be ignored for this session
console.error: Region.jsm: "Failed to fetch region" (new TypeError("NetworkError when attempting to fetch resource.", ""))
1594176346715	Marionette	INFO	Stopped listening on port 54487

###!!! [Child][RunMessage] Error: Channel closing: too late to send/recv, messages will be lost


###!!! [Child][MessageChannel::SendAndWait] Error: Channel error: cannot send/recv

1594176404781	mozrunner::runner	INFO	Running command: "C:\\Program Files\\Mozilla Firefox\\firefox.exe" "-marionette" "-foreground" "-no-remote" "-profile" "C:\\Users\\willlee\\AppData\\Local\\Temp\\rust_mozprofile.eqzPT50WE1zo"
JavaScript error: resource://gre/modules/XULStore.jsm, line 66: Error: Can't find profile directory.
1594176408718	Marionette	INFO	Listening on port 54538
1594176409151	Marionette	WARN	TLS certificate errors will be ignored for this session
JavaScript error: https://apex.natinst.com/apex/f?p=NIAPEXMENU:101, line 132: ReferenceError: html_GetElement is not defined
JavaScript error: https://apex.natinst.com/apex/f?p=100:101::::::&notification_msg=SW52YWxpZCB1c2VyIG5hbWUgb3IgcGFzc3dvcmQuPGRpdiBpZD0iYXBleF9sb2dp.,bl90aHJvdHRsZV9kaXYiPlBsZWFzZSB3YWl0IDxzcGFuIGlkPSJhcGV4X2xvZ2lu.,X3Rocm90dGxlX3NlYyI-NTwvc3Bhbj4gc2Vjb25kcyB0byBsb2dpbiBhZ2Fpbi48.,L2Rpdj4%7E%2F7y7TEJJ1KpoD27D6bR2LeHmHRqV2yoQJoV73wKtjUax03ts69-W-jEI3pm4V1yoEOASzkWKOCfXtvNVndaP_4A, line 148: ReferenceError: html_GetElement is not defined
JavaScript error: https://apex.natinst.com/apex/f?p=100:101::::::&notification_msg=SW52YWxpZCB1c2VyIG5hbWUgb3IgcGFzc3dvcmQuPGRpdiBpZD0iYXBleF9sb2dp.,bl90aHJvdHRsZV9kaXYiPlBsZWFzZSB3YWl0IDxzcGFuIGlkPSJhcGV4X2xvZ2lu.,X3Rocm90dGxlX3NlYyI-NTwvc3Bhbj4gc2Vjb25kcyB0byBsb2dpbiBhZ2Fpbi48.,L2Rpdj4%7E%2F7y7TEJJ1KpoD27D6bR2LeHmHRqV2yoQJoV73wKtjUax03ts69-W-jEI3pm4V1yoEOASzkWKOCfXtvNVndaP_4A, line 148: ReferenceError: html_GetElement is not defined
1594177485295	Marionette	INFO	Stopped listening on port 54538

###!!! [Child][RunMessage] Error: Channel closing: too late to send/recv, messages will be lost


###!!! [Child][MessageChannel::SendAndWait] Error: Channel error: cannot send/recv

rce://gre/modules/XULStore.jsm, line 66: Error: Can't find profile directory.
1594177136103	Marionette	INFO	Listening on port 54751
1594177136525	Marionette	WARN	TLS certificate errors will be ignored for this session
1594177185920	Marionette	INFO	Stopped listening on port 54751

###!!! [Child][RunMessage] Error: Channel closing: too late to send/recv, messages will be lost


###!!! [Child][MessageChannel::SendAndWait] Error: Channel error: cannot send/recv

1594177217220	mozrunner::runner	INFO	Running command: "C:\\Program Files\\Mozilla Firefox\\firefox.exe" "-marionette" "-foreground" "-no-remote" "-profile" "C:\\Users\\willlee\\AppData\\Local\\Temp\\rust_mozprofile.xLrGqSCs8dca"
JavaScript error: resource://gre/modules/XULStore.jsm, line 66: Error: Can't find profile directory.
1594177219789	Marionette	INFO	Listening on port 54832
1594177219936	Marionette	WARN	TLS certificate errors will be ignored for this session
JavaScript error: https://apex.natinst.com/apex/f?p=NIAPEXMENU:101, line 132: ReferenceError: html_GetElement is not defined
JavaScript error: https://apex.natinst.com/apex/f?p=100:101::::::&notification_msg=SW52YWxpZCB1c2VyIG5hbWUgb3IgcGFzc3dvcmQuPGRpdiBpZD0iYXBleF9sb2dp.,bl90aHJvdHRsZV9kaXYiPlBsZWFzZSB3YWl0IDxzcGFuIGlkPSJhcGV4X2xvZ2lu.,X3Rocm90dGxlX3NlYyI-MTA8L3NwYW4-IHNlY29uZHMgdG8gbG9naW4gYWdhaW4u.,PC9kaXY-%2FXrivO6i1pFhf9PG_yKYFeusRjdfpS14Y_uB4SvrEP9IfxqX7VRNmLUkoJZJG29PklFO226F5t7bHXLPfRlUynQ, line 148: ReferenceError: html_GetElement is not defined
1594177404393	mozrunner::runner	INFO	Running command: "C:\\Program Files\\Mozilla Firefox\\firefox.exe" "-marionette" "-foreground" "-no-remote" "-profile" "C:\\Users\\willlee\\AppData\\Local\\Temp\\rust_mozprofile.WKByLTEAWNRr"
JavaScript error: resource://gre/modules/XULStore.jsm, line 66: Error: Can't find profile directory.
1594177406944	Marionette	INFO	Listening on port 54893
1594177407112	Marionette	WARN	TLS certificate errors will be ignored for this session
JavaScript error: https://apex.natinst.com/apex/f?p=NIAPEXMENU:101, line 132: ReferenceError: html_GetElement is not defined
JavaScript error: https://apex.natinst.com/apex/f?p=100:101::::::&notification_msg=SW52YWxpZCB1c2VyIG5hbWUgb3IgcGFzc3dvcmQuPGRpdiBpZD0iYXBleF9sb2dp.,bl90aHJvdHRsZV9kaXYiPlBsZWFzZSB3YWl0IDxzcGFuIGlkPSJhcGV4X2xvZ2lu.,X3Rocm90dGxlX3NlYyI-MTU8L3NwYW4-IHNlY29uZHMgdG8gbG9naW4gYWdhaW4u.,PC9kaXY-%2FYMDx6tCrDn7fEmLMxH-lYTOfEWvF67fKiCepVNO2xC2mCnE3jmAFQlmq2H3Izk3yTn-jt-ncXb5nh_ZUxchszA, line 148: ReferenceError: html_GetElement is not defined
JavaScript error: https://apex.natinst.com/apex/f?p=100:101::::::&notification_msg=SW52YWxpZCB1c2VyIG5hbWUgb3IgcGFzc3dvcmQuPGRpdiBpZD0iYXBleF9sb2dp.,bl90aHJvdHRsZV9kaXYiPlBsZWFzZSB3YWl0IDxzcGFuIGlkPSJhcGV4X2xvZ2lu.,X3Rocm90dGxlX3NlYyI-MTU8L3NwYW4-IHNlY29uZHMgdG8gbG9naW4gYWdhaW4u.,PC9kaXY-%2FYMDx6tCrDn7fEmLMxH-lYTOfEWvF67fKiCepVNO2xC2mCnE3jmAFQlmq2H3Izk3yTn-jt-ncXb5nh_ZUxchszA, line 148: ReferenceError: html_GetElement is not defined
1594177421102	Marionette	INFO	Stopped listening on port 54893

###!!! [Child][RunMessage] Error: Channel closing: too late to send/recv, messages will be lost


###!!! [Child][MessageChannel::SendAndWait] Error: Channel error: cannot send/recv

1594177543337	mozrunner::runner	INFO	Running command: "C:\\Program Files\\Mozilla Firefox\\firefox.exe" "-marionette" "-foreground" "-no-remote" "-profile" "C:\\Users\\willlee\\AppData\\Local\\Temp\\rust_mozprofile.g3iEPa6ur8Zm"
JavaScript error: resource://gre/modules/XULStore.jsm, line 66: Error: Can't find profile directory.
1594177545960	Marionette	INFO	Listening on port 55049
1594177546059	Marionette	WARN	TLS certificate errors will be ignored for this session
JavaScript error: https://apex.natinst.com/apex/f?p=NIAPEXMENU:101, line 132: ReferenceError: html_GetElement is not defined
1594177737917	Marionette	INFO	Stopped listening on port 55049

###!!! [Child][RunMessage] Error: Channel closing: too late to send/recv, messages will be lost


###!!! [Child][MessageChannel::SendAndWait] Error: Channel error: cannot send/recv

rce://gre/modules/XULStore.jsm, line 66: Error: Can't find profile directory.
1594177684356	Marionette	INFO	Listening on port 55117
1594177684800	Marionette	WARN	TLS certificate errors will be ignored for this session
JavaScript error: https://apex.natinst.com/apex/f?p=NIAPEXMENU:101, line 132: ReferenceError: html_GetElement is not defined
1594177690643	Marionette	INFO	Stopped listening on port 55117

###!!! [Child][RunMessage] Error: Channel closing: too late to send/recv, messages will be lost


###!!! [Child][MessageChannel::SendAndWait] Error: Channel error: cannot send/recv

1594177702511	mozrunner::runner	INFO	Running command: "C:\\Program Files\\Mozilla Firefox\\firefox.exe" "-marionette" "-foreground" "-no-remote" "-profile" "C:\\Users\\willlee\\AppData\\Local\\Temp\\rust_mozprofile.537jjKZpt5TM"
JavaScript error: resource://gre/modules/XULStore.jsm, line 66: Error: Can't find profile directory.
1594177704973	Marionette	INFO	Listening on port 55173
1594177705231	Marionette	WARN	TLS certificate errors will be ignored for this session
JavaScript error: https://apex.natinst.com/apex/f?p=NIAPEXMENU:101, line 132: ReferenceError: html_GetElement is not defined
1594177743442	mozrunner::runner	INFO	Running command: "C:\\Program Files\\Mozilla Firefox\\firefox.exe" "-marionette" "-foreground" "-no-remote" "-profile" "C:\\Users\\willlee\\AppData\\Local\\Temp\\rust_mozprofile.KGvndvxpGzY5"
JavaScript error: resource://gre/modules/XULStore.jsm, line 66: Error: Can't find profile directory.
1594177745816	Marionette	INFO	Listening on port 55225
1594177746161	Marionette	WARN	TLS certificate errors will be ignored for this session
JavaScript error: https://apex.natinst.com/apex/f?p=NIAPEXMENU:101, line 132: ReferenceError: html_GetElement is not defined
1594177751610	Marionette	INFO	Stopped listening on port 55225

###!!! [Child][RunMessage] Error: Channel closing: too late to send/recv, messages will be lost


###!!! [Child][MessageChannel::SendAndWait] Error: Channel error: cannot send/recv

1594177921199	mozrunner::runner	INFO	Running command: "C:\\Program Files\\Mozilla Firefox\\firefox.exe" "-marionette" "-foreground" "-no-remote" "-profile" "C:\\Users\\willlee\\AppData\\Local\\Temp\\rust_mozprofile.w869934XITF1"
JavaScript error: resource://gre/modules/XULStore.jsm, line 66: Error: Can't find profile directory.
1594177923656	Marionette	INFO	Listening on port 55309
1594177923932	Marionette	WARN	TLS certificate errors will be ignored for this session
1594177941377	Marionette	INFO	Stopped listening on port 55309

###!!! [Child][RunMessage] Error: Channel closing: too late to send/recv, messages will be lost


###!!! [Child][MessageChannel::SendAndWait] Error: Channel error: cannot send/recv

1594181393350	mozrunner::runner	INFO	Running command: "C:\\Program Files\\Mozilla Firefox\\firefox.exe" "-marionette" "-foreground" "-no-remote" "-profile" "C:\\Users\\willlee\\AppData\\Local\\Temp\\rust_mozprofile.GxZShIlvaCN9"
JavaScript error: resource://gre/modules/XULStore.jsm, line 66: Error: Can't find profile directory.
1594181396449	Marionette	INFO	Listening on port 55995
1594181396576	Marionette	WARN	TLS certificate errors will be ignored for this session
1594181564821	mozrunner::runner	INFO	Running command: "C:\\Program Files\\Mozilla Firefox\\firefox.exe" "-marionette" "-foreground" "-no-remote" "-profile" "C:\\Users\\willlee\\AppData\\Local\\Temp\\rust_mozprofile.oAb0wMoBLQ6l"
JavaScript error: resource://gre/modules/XULStore.jsm, line 66: Error: Can't find profile directory.
1594181568630	Marionette	INFO	Listening on port 56092
1594181568676	Marionette	WARN	TLS certificate errors will be ignored for this session
JavaScript error: https://apex.natinst.com/apex/f?p=NIAPEXMENU:101, line 132: ReferenceError: html_GetElement is not defined
1594181736184	Marionette	INFO	Stopped listening on port 56092

###!!! [Child][MessageChannel::SendAndWait] Error: Channel error: cannot send/recv

1594181792605	mozrunner::runner	INFO	Running command: "C:\\Program Files\\Mozilla Firefox\\firefox.exe" "-marionette" "-foreground" "-no-remote" "-profile" "C:\\Users\\willlee\\AppData\\Local\\Temp\\rust_mozprofile.ZEKV7wcQbW2j"
JavaScript error: resource://gre/modules/XULStore.jsm, line 66: Error: Can't find profile directory.
1594181795450	Marionette	INFO	Listening on port 56223
1594181795823	Marionette	WARN	TLS certificate errors will be ignored for this session
JavaScript error: https://apex.natinst.com/apex/f?p=NIAPEXMENU:101, line 132: ReferenceError: html_GetElement is not defined
1594182200321	Marionette	INFO	Stopped listening on port 56223

###!!! [Child][RunMessage] Error: Channel closing: too late to send/recv, messages will be lost


###!!! [Child][MessageChannel::SendAndWait] Error: Channel error: cannot send/recv

1594182263801	mozrunner::runner	INFO	Running command: "C:\\Program Files\\Mozilla Firefox\\firefox.exe" "-marionette" "-foreground" "-no-remote" "-profile" "C:\\Users\\willlee\\AppData\\Local\\Temp\\rust_mozprofile.qtw62aMCeLSm"
JavaScript error: resource://gre/modules/XULStore.jsm, line 66: Error: Can't find profile directory.
1594182269423	Marionette	INFO	Listening on port 56418
1594182269852	Marionette	WARN	TLS certificate errors will be ignored for this session
JavaScript error: https://apex.natinst.com/apex/f?p=NIAPEXMENU:101, line 132: ReferenceError: html_GetElement is not defined
1594200540097	Marionette	INFO	Stopped listening on port 56418

###!!! [Child][MessageChannel::SendAndWait] Error: Channel error: cannot send/recv

ile" "C:\\Users\\willlee\\AppData\\Local\\Temp\\rust_mozprofile.lNVzadU0HD89"
JavaScript error: resource://gre/modules/XULStore.jsm, line 66: Error: Can't find profile directory.
1594188755670	Marionette	INFO	Listening on port 57666
1594188756050	Marionette	WARN	TLS certificate errors will be ignored for this session
JavaScript error: https://apex.natinst.com/apex/f?p=NIAPEXMENU:101, line 132: ReferenceError: html_GetElement is not defined
JavaScript error: https://apex.natinst.com/apex/f?p=100:101::::::&notification_msg=SW52YWxpZCB1c2VyIG5hbWUgb3IgcGFzc3dvcmQuPGRpdiBpZD0iYXBleF9sb2dp.,bl90aHJvdHRsZV9kaXYiPlBsZWFzZSB3YWl0IDxzcGFuIGlkPSJhcGV4X2xvZ2lu.,X3Rocm90dGxlX3NlYyI-MTA8L3NwYW4-IHNlY29uZHMgdG8gbG9naW4gYWdhaW4u.,PC9kaXY-%2FlAK5zPqFn3IdYHGJRNedrGN7TZvaAKsEXukTLncdqD8LctCug6syX_C7cUccNs9XqiRPja7mZcrtupAbAOuLww, line 148: ReferenceError: html_GetElement is not defined
JavaScript error: https://apex.natinst.com/apex/f?p=100:101::::::&notification_msg=SW52YWxpZCB1c2VyIG5hbWUgb3IgcGFzc3dvcmQuPGRpdiBpZD0iYXBleF9sb2dp.,bl90aHJvdHRsZV9kaXYiPlBsZWFzZSB3YWl0IDxzcGFuIGlkPSJhcGV4X2xvZ2lu.,X3Rocm90dGxlX3NlYyI-MTA8L3NwYW4-IHNlY29uZHMgdG8gbG9naW4gYWdhaW4u.,PC9kaXY-%2FlAK5zPqFn3IdYHGJRNedrGN7TZvaAKsEXukTLncdqD8LctCug6syX_C7cUccNs9XqiRPja7mZcrtupAbAOuLww, line 148: ReferenceError: html_GetElement is not defined
1594188772603	Marionette	INFO	Stopped listening on port 57666

###!!! [Child][RunMessage] Error: Channel closing: too late to send/recv, messages will be lost


###!!! [Child][MessageChannel::SendAndWait] Error: Channel error: cannot send/recv

1594232916248	mozrunner::runner	INFO	Running command: "C:\\Program Files\\Mozilla Firefox\\firefox.exe" "-marionette" "-foreground" "-no-remote" "-profile" "C:\\Users\\willlee\\AppData\\Local\\Temp\\rust_mozprofile.vMga2KHEcyXS"
JavaScript error: resource://gre/modules/XULStore.jsm, line 66: Error: Can't find profile directory.
1594232919539	Marionette	INFO	Listening on port 63944
1594232919575	Marionette	WARN	TLS certificate errors will be ignored for this session
JavaScript error: https://apex.natinst.com/apex/f?p=NIAPEXMENU:101, line 132: ReferenceError: html_GetElement is not defined
JavaScript error: https://apex.natinst.com/i/libraries/apex/minified/widget.interactiveReport.min.js?v=18.2.0.00.12, line 1: SyntaxError: JSON.parse: unexpected character at line 1 column 1 of the JSON data
JavaScript error: https://apex.natinst.com/i/libraries/apex/minified/desktop_all.min.js?v=18.2.0.00.12, line 19: TypeError: a is undefined
JavaScript error: https://apex.natinst.com/i/libraries/apex/minified/desktop_all.min.js?v=18.2.0.00.12, line 19: TypeError: a is undefined
1594233102075	mozrunner::runner	INFO	Running command: "C:\\Program Files\\Mozilla Firefox\\firefox.exe" "-marionette" "-foreground" "-no-remote" "-profile" "C:\\Users\\willlee\\AppData\\Local\\Temp\\rust_mozprofile.0p3w9uzgiJtF"
JavaScript error: resource://gre/modules/XULStore.jsm, line 66: Error: Can't find profile directory.
1594233106245	Marionette	INFO	Listening on port 64064
1594233106412	Marionette	WARN	TLS certificate errors will be ignored for this session
JavaScript error: https://apex.natinst.com/apex/f?p=NIAPEXMENU:101, line 132: ReferenceError: html_GetElement is not defined
console.error: "Store does not have a valid reducer. Make sure the argument passed to combineReducers is an object whose values are reducers."
console.error: (new TypeError("parent is null", "resource://devtools/client/inspector/shared/style-change-tracker.js", 67))
TypeError: parent is null: canMutationImpactCurrentStyles@resource://devtools/client/inspector/shared/style-change-tracker.js:67:24
onMutations@resource://devtools/client/inspector/shared/style-change-tracker.js:84:41
_emit@resource://devtools/shared/event-emitter.js:226:34
emit@resource://devtools/shared/event-emitter.js:172:18
emit@resource://devtools/shared/event-emitter.js:324:18
getMutations@resource://devtools/client/fronts/walker.js:409:10

console.error: (new TypeError("nodeFront.walkerFront is null", "resource://devtools/client/inspector/markup/markup.js", 923))
TypeError: nodeFront.walkerFront is null: _onNewSelection@resource://devtools/client/inspector/markup/markup.js:923:7
_emit@resource://devtools/shared/event-emitter.js:226:34
emit@resource://devtools/shared/event-emitter.js:172:18
emit@resource://devtools/shared/event-emitter.js:324:18
setNodeFront@resource://devtools/client/framework/selection.js:161:10
onDetached@resource://devtools/client/inspector/inspector.js:1613:20
_emit@resource://devtools/shared/event-emitter.js:226:34
emit@resource://devtools/shared/event-emitter.js:172:18
emit@resource://devtools/shared/event-emitter.js:324:18
_onMutations@resource://devtools/client/framework/selection.js:104:12
_emit@resource://devtools/shared/event-emitter.js:226:34
emit@resource://devtools/shared/event-emitter.js:172:18
emit@resource://devtools/shared/event-emitter.js:324:18
getMutations@resource://devtools/client/fronts/walker.js:409:10

console.error: (new Error("Can not send request 'getAllSelectors' because front 'domnode' is already destroyed.", "resource://devtools/shared/protocol/Front/FrontClassWithSpec.js", 29))
console.error: (new TypeError("container.node.targetFront is null", "resource://devtools/client/inspector/markup/markup.js", 2245))
console.error: (new TypeError("container.node.targetFront is null", "resource://devtools/client/inspector/markup/markup.js", 2245))
JavaScript error: resource://devtools/client/inspector/inspector.js, line 1522: TypeError: targetFront is null
console.error: (new TypeError("parent is null", "resource://devtools/client/inspector/shared/style-change-tracker.js", 67))
TypeError: parent is null: canMutationImpactCurrentStyles@resource://devtools/client/inspector/shared/style-change-tracker.js:67:24
onMutations@resource://devtools/client/inspector/shared/style-change-tracker.js:84:41
_emit@resource://devtools/shared/event-emitter.js:226:34
emit@resource://devtools/shared/event-emitter.js:172:18
emit@resource://devtools/shared/event-emitter.js:324:18
getMutations@resource://devtools/client/fronts/walker.js:409:10

console.error: (new TypeError("parent is null", "resource://devtools/client/inspector/shared/style-change-tracker.js", 67))
TypeError: parent is null: canMutationImpactCurrentStyles@resource://devtools/client/inspector/shared/style-change-tracker.js:67:24
onMutations@resource://devtools/client/inspector/shared/style-change-tracker.js:84:41
_emit@resource://devtools/shared/event-emitter.js:226:34
emit@resource://devtools/shared/event-emitter.js:172:18
emit@resource://devtools/shared/event-emitter.js:324:18
getMutations@resource://devtools/client/fronts/walker.js:409:10

console.error: (new TypeError("parent is null", "resource://devtools/client/inspector/shared/style-change-tracker.js", 67))
TypeError: parent is null: canMutationImpactCurrentStyles@resource://devtools/client/inspector/shared/style-change-tracker.js:67:24
onMutations@resource://devtools/client/inspector/shared/style-change-tracker.js:84:41
_emit@resource://devtools/shared/event-emitter.js:226:34
emit@resource://devtools/shared/event-emitter.js:172:18
emit@resource://devtools/shared/event-emitter.js:324:18
getMutations@resource://devtools/client/fronts/walker.js:409:10

console.error: (new TypeError("parent is null", "resource://devtools/client/inspector/shared/style-change-tracker.js", 67))
TypeError: parent is null: canMutationImpactCurrentStyles@resource://devtools/client/inspector/shared/style-change-tracker.js:67:24
onMutations@resource://devtools/client/inspector/shared/style-change-tracker.js:84:41
_emit@resource://devtools/shared/event-emitter.js:226:34
emit@resource://devtools/shared/event-emitter.js:172:18
emit@resource://devtools/shared/event-emitter.js:324:18
getMutations@resource://devtools/client/fronts/walker.js:409:10

console.error: (new TypeError("nodeFront.walkerFront is null", "resource://devtools/client/inspector/markup/markup.js", 923))
TypeError: nodeFront.walkerFront is null: _onNewSelection@resource://devtools/client/inspector/markup/markup.js:923:7
_emit@resource://devtools/shared/event-emitter.js:226:34
emit@resource://devtools/shared/event-emitter.js:172:18
emit@resource://devtools/shared/event-emitter.js:324:18
setNodeFront@resource://devtools/client/framework/selection.js:161:10
onDetached@resource://devtools/client/inspector/inspector.js:1613:20
_emit@resource://devtools/shared/event-emitter.js:226:34
emit@resource://devtools/shared/event-emitter.js:172:18
emit@resource://devtools/shared/event-emitter.js:324:18
_onMutations@resource://devtools/client/framework/selection.js:104:12
_emit@resource://devtools/shared/event-emitter.js:226:34
emit@resource://devtools/shared/event-emitter.js:172:18
emit@resource://devtools/shared/event-emitter.js:324:18
getMutations@resource://devtools/client/fronts/walker.js:409:10

console.error: (new Error("Can not send request 'getAllSelectors' because front 'domnode' is already destroyed.", "resource://devtools/shared/protocol/Front/FrontClassWithSpec.js", 29))
console.error: (new TypeError("container.node.targetFront is null", "resource://devtools/client/inspector/markup/markup.js", 2245))
console.error: (new TypeError("container.node.targetFront is null", "resource://devtools/client/inspector/markup/markup.js", 2245))
console.error: (new TypeError("container.node.targetFront is null", "resource://devtools/client/inspector/markup/markup.js", 2245))
JavaScript error: resource://devtools/client/inspector/inspector.js, line 1522: TypeError: targetFront is null
console.error: (new TypeError("parent is null", "resource://devtools/client/inspector/shared/style-change-tracker.js", 67))
TypeError: parent is null: canMutationImpactCurrentStyles@resource://devtools/client/inspector/shared/style-change-tracker.js:67:24
onMutations@resource://devtools/client/inspector/shared/style-change-tracker.js:84:41
_emit@resource://devtools/shared/event-emitter.js:226:34
emit@resource://devtools/shared/event-emitter.js:172:18
emit@resource://devtools/shared/event-emitter.js:324:18
getMutations@resource://devtools/client/fronts/walker.js:409:10

console.error: (new TypeError("parent is null", "resource://devtools/client/inspector/shared/style-change-tracker.js", 67))
TypeError: parent is null: canMutationImpactCurrentStyles@resource://devtools/client/inspector/shared/style-change-tracker.js:67:24
onMutations@resource://devtools/client/inspector/shared/style-change-tracker.js:84:41
_emit@resource://devtools/shared/event-emitter.js:226:34
emit@resource://devtools/shared/event-emitter.js:172:18
emit@resource://devtools/shared/event-emitter.js:324:18
getMutations@resource://devtools/client/fronts/walker.js:409:10

console.error: (new TypeError("parent is null", "resource://devtools/client/inspector/shared/style-change-tracker.js", 67))
TypeError: parent is null: canMutationImpactCurrentStyles@resource://devtools/client/inspector/shared/style-change-tracker.js:67:24
onMutations@resource://devtools/client/inspector/shared/style-change-tracker.js:84:41
_emit@resource://devtools/shared/event-emitter.js:226:34
emit@resource://devtools/shared/event-emitter.js:172:18
emit@resource://devtools/shared/event-emitter.js:324:18
getMutations@resource://devtools/client/fronts/walker.js:409:10

console.error: (new TypeError("parent is null", "resource://devtools/client/inspector/shared/style-change-tracker.js", 67))
TypeError: parent is null: canMutationImpactCurrentStyles@resource://devtools/client/inspector/shared/style-change-tracker.js:67:24
onMutations@resource://devtools/client/inspector/shared/style-change-tracker.js:84:41
_emit@resource://devtools/shared/event-emitter.js:226:34
emit@resource://devtools/shared/event-emitter.js:172:18
emit@resource://devtools/shared/event-emitter.js:324:18
getMutations@resource://devtools/client/fronts/walker.js:409:10

console.error: (new TypeError("parent is null", "resource://devtools/client/inspector/shared/style-change-tracker.js", 67))
TypeError: parent is null: canMutationImpactCurrentStyles@resource://devtools/client/inspector/shared/style-change-tracker.js:67:24
onMutations@resource://devtools/client/inspector/shared/style-change-tracker.js:84:41
_emit@resource://devtools/shared/event-emitter.js:226:34
emit@resource://devtools/shared/event-emitter.js:172:18
emit@resource://devtools/shared/event-emitter.js:324:18
getMutations@resource://devtools/client/fronts/walker.js:409:10

console.error: (new TypeError("parent is null", "resource://devtools/client/inspector/shared/style-change-tracker.js", 67))
TypeError: parent is null: canMutationImpactCurrentStyles@resource://devtools/client/inspector/shared/style-change-tracker.js:67:24
onMutations@resource://devtools/client/inspector/shared/style-change-tracker.js:84:41
_emit@resource://devtools/shared/event-emitter.js:226:34
emit@resource://devtools/shared/event-emitter.js:172:18
emit@resource://devtools/shared/event-emitter.js:324:18
getMutations@resource://devtools/client/fronts/walker.js:409:10

1594236814250	mozrunner::runner	INFO	Running command: "C:\\Program Files\\Mozilla Firefox\\firefox.exe" "-marionette" "-foreground" "-no-remote" "-profile" "C:\\Users\\willlee\\AppData\\Local\\Temp\\rust_mozprofile.KPa2aHcYbk0H"
JavaScript error: resource://gre/modules/XULStore.jsm, line 66: Error: Can't find profile directory.
1594236816703	Marionette	INFO	Listening on port 62207
1594236817116	Marionette	WARN	TLS certificate errors will be ignored for this session
JavaScript error: https://apex.natinst.com/apex/f?p=NIAPEXMENU:101, line 132: ReferenceError: html_GetElement is not defined
1594237079613	mozrunner::runner	INFO	Running command: "C:\\Program Files\\Mozilla Firefox\\firefox.exe" "-marionette" "-foreground" "-no-remote" "-profile" "C:\\Users\\willlee\\AppData\\Local\\Temp\\rust_mozprofile.VK2LbS02xypk"
JavaScript error: resource://gre/modules/XULStore.jsm, line 66: Error: Can't find profile directory.
1594237083293	Marionette	INFO	Listening on port 53420
1594237083443	Marionette	WARN	TLS certificate errors will be ignored for this session
JavaScript error: https://apex.natinst.com/apex/f?p=NIAPEXMENU:101, line 132: ReferenceError: html_GetElement is not defined
1594251220209	mozrunner::runner	INFO	Running command: "C:\\Program Files\\Mozilla Firefox\\firefox.exe" "-marionette" "-foreground" "-no-remote" "-profile" "C:\\Users\\willlee\\AppData\\Local\\Temp\\rust_mozprofile.iTYom4j2Xvjv"
JavaScript error: resource://gre/modules/XULStore.jsm, line 66: Error: Can't find profile directory.
1594251225164	Marionette	INFO	Listening on port 64591
1594251225647	Marionette	WARN	TLS certificate errors will be ignored for this session
JavaScript error: https://apex.natinst.com/apex/f?p=NIAPEXMENU:101, line 132: ReferenceError: html_GetElement is not defined
1594251235653	Marionette	WARN	TimedPromise timed out after 500 ms: stacktrace:
TimedPromise/<@chrome://marionette/content/sync.js:245:13
TimedPromise@chrome://marionette/content/sync.js:230:10
interaction.flushEventLoop@chrome://marionette/content/interaction.js:416:10
webdriverClickElement@chrome://marionette/content/interaction.js:182:31
1594251345902	Marionette	INFO	Stopped listening on port 64591

###!!! [Child][RunMessage] Error: Channel closing: too late to send/recv, messages will be lost


###!!! [Child][MessageChannel::SendAndWait] Error: Channel error: cannot send/recv

1594251352524	mozrunner::runner	INFO	Running command: "C:\\Program Files\\Mozilla Firefox\\firefox.exe" "-marionette" "-foreground" "-no-remote" "-profile" "C:\\Users\\willlee\\AppData\\Local\\Temp\\rust_mozprofile.oqwO5VXoyhxV"
JavaScript error: resource://gre/modules/XULStore.jsm, line 66: Error: Can't find profile directory.
1594251357316	Marionette	INFO	Listening on port 64779
1594251357492	Marionette	WARN	TLS certificate errors will be ignored for this session
JavaScript error: https://apex.natinst.com/apex/f?p=NIAPEXMENU:101, line 132: ReferenceError: html_GetElement is not defined
1594251406549	mozrunner::runner	INFO	Running command: "C:\\Program Files\\Mozilla Firefox\\firefox.exe" "-marionette" "-foreground" "-no-remote" "-profile" "C:\\Users\\willlee\\AppData\\Local\\Temp\\rust_mozprofile.StXD2qvtWQqD"
JavaScript error: resource://gre/modules/XULStore.jsm, line 66: Error: Can't find profile directory.
1594251410182	Marionette	INFO	Listening on port 64852
1594251410385	Marionette	WARN	TLS certificate errors will be ignored for this session
JavaScript error: https://apex.natinst.com/apex/f?p=NIAPEXMENU:101, line 132: ReferenceError: html_GetElement is not defined
console.error: "Store does not have a valid reducer. Make sure the argument passed to combineReducers is an object whose values are reducers."
1594252649328	mozrunner::runner	INFO	Running command: "C:\\Program Files\\Mozilla Firefox\\firefox.exe" "-marionette" "-foreground" "-no-remote" "-profile" "C:\\Users\\willlee\\AppData\\Local\\Temp\\rust_mozprofile.k8FCQ7ShiUkM"
JavaScript error: resource://gre/modules/XULStore.jsm, line 66: Error: Can't find profile directory.
1594252651354	Marionette	INFO	Listening on port 65252
1594252651444	Marionette	WARN	TLS certificate errors will be ignored for this session
JavaScript error: https://apex.natinst.com/apex/f?p=NIAPEXMENU:101, line 132: ReferenceError: html_GetElement is not defined
1594253629711	Marionette	INFO	Stopped listening on port 65252

###!!! [Child][RunMessage] Error: Channel closing: too late to send/recv, messages will be lost


###!!! [Child][MessageChannel::SendAndWait] Error: Channel error: cannot send/recv

rce://gre/modules/XULStore.jsm, line 66: Error: Can't find profile directory.
1594252918291	Marionette	INFO	Listening on port 65358
1594252918591	Marionette	WARN	TLS certificate errors will be ignored for this session
JavaScript error: https://apex.natinst.com/apex/f?p=NIAPEXMENU:101, line 132: ReferenceError: html_GetElement is not defined
1594253269011	mozrunner::runner	INFO	Running command: "C:\\Program Files\\Mozilla Firefox\\firefox.exe" "-marionette" "-foreground" "-no-remote" "-profile" "C:\\Users\\willlee\\AppData\\Local\\Temp\\rust_mozprofile.u2ytYJ8iuAlz"
JavaScript error: resource://gre/modules/XULStore.jsm, line 66: Error: Can't find profile directory.
1594253272420	Marionette	INFO	Listening on port 65481
1594253272837	Marionette	WARN	TLS certificate errors will be ignored for this session
JavaScript error: https://apex.natinst.com/apex/f?p=NIAPEXMENU:101, line 132: ReferenceError: html_GetElement is not defined
console.error: "Store does not have a valid reducer. Make sure the argument passed to combineReducers is an object whose values are reducers."
1594338169522	mozrunner::runner	INFO	Running command: "C:\\Program Files\\Mozilla Firefox\\firefox.exe" "-marionette" "-foreground" "-no-remote" "-profile" "C:\\Users\\willlee\\AppData\\Local\\Temp\\rust_mozprofile.zYF491gJ2mGf"
JavaScript error: resource://gre/modules/XULStore.jsm, line 66: Error: Can't find profile directory.
1594338171783	Marionette	INFO	Listening on port 50810
1594338172244	Marionette	WARN	TLS certificate errors will be ignored for this session
JavaScript error: https://apex.natinst.com/apex/f?p=NIAPEXMENU:101, line 132: ReferenceError: html_GetElement is not defined
JavaScript error: https://apex.natinst.com/apex/f?p=NIAPEXMENU:101:&SESSION..&c=NIAPEX::::FSP_AFTER_LOGIN_URL:%5Cf?p=135:12:9758090748340::NO:RP:P12_ISSUE_HEADER_ID:1041983&p_dialog_cs=SchGEZflbJjsOGap2Vg5AMchlR5LmA63asd0AC_De5vnXWSIcRlyHzNeGj1BYDBF65ZHVLSOUQLo4gvstUTwng, line 132: ReferenceError: html_GetElement is not defined
JavaScript error: https://apex.natinst.com/apex/f?p=100:101::::::&notification_msg=SW52YWxpZCB1c2VyIG5hbWUgb3IgcGFzc3dvcmQuPGRpdiBpZD0iYXBleF9sb2dp.,bl90aHJvdHRsZV9kaXYiPlBsZWFzZSB3YWl0IDxzcGFuIGlkPSJhcGV4X2xvZ2lu.,X3Rocm90dGxlX3NlYyI-NTwvc3Bhbj4gc2Vjb25kcyB0byBsb2dpbiBhZ2Fpbi48.,L2Rpdj4%7E%2F4Fzb0l-ubhJ5VbQDDcIGr1f3E1NcF3UbDRSmlhGoBjS8JqAkRUdJoKnegrtjbzJt04IvrNiuq10xTXam77HamA, line 148: ReferenceError: html_GetElement is not defined
1594343443512	Marionette	INFO	Stopped listening on port 50810

###!!! [Child][RunMessage] Error: Channel closing: too late to send/recv, messages will be lost


###!!! [Child][MessageChannel::SendAndWait] Error: Channel error: cannot send/recv

1594343532012	mozrunner::runner	INFO	Running command: "C:\\Program Files\\Mozilla Firefox\\firefox.exe" "-marionette" "-foreground" "-no-remote" "-profile" "C:\\Users\\willlee\\AppData\\Local\\Temp\\rust_mozprofile.VAqN9jC0rB4R"
JavaScript error: resource://gre/modules/XULStore.jsm, line 66: Error: Can't find profile directory.
1594343534605	Marionette	INFO	Listening on port 52416
1594343534734	Marionette	WARN	TLS certificate errors will be ignored for this session
JavaScript error: https://apex.natinst.com/apex/f?p=NIAPEXMENU:101, line 132: ReferenceError: html_GetElement is not defined
1594344120878	Marionette	INFO	Stopped listening on port 52416

###!!! [Child][RunMessage] Error: Channel closing: too late to send/recv, messages will be lost


###!!! [Child][MessageChannel::SendAndWait] Error: Channel error: cannot send/recv

rce://gre/modules/XULStore.jsm, line 66: Error: Can't find profile directory.
1594343961220	Marionette	INFO	Listening on port 52534
1594343961696	Marionette	WARN	TLS certificate errors will be ignored for this session
JavaScript error: https://apex.natinst.com/apex/f?p=NIAPEXMENU:101, line 132: ReferenceError: html_GetElement is not defined
1594344186863	mozrunner::runner	INFO	Running command: "C:\\Program Files\\Mozilla Firefox\\firefox.exe" "-marionette" "-foreground" "-no-remote" "-profile" "C:\\Users\\willlee\\AppData\\Local\\Temp\\rust_mozprofile.gL5KFZiBLfIR"
JavaScript error: resource://gre/modules/XULStore.jsm, line 66: Error: Can't find profile directory.
1594344189144	Marionette	INFO	Listening on port 52634
1594344189580	Marionette	WARN	TLS certificate errors will be ignored for this session
JavaScript error: https://apex.natinst.com/apex/f?p=NIAPEXMENU:101, line 132: ReferenceError: html_GetElement is not defined
1594344353022	Marionette	INFO	Stopped listening on port 52634

###!!! [Child][RunMessage] Error: Channel closing: too late to send/recv, messages will be lost


###!!! [Child][MessageChannel::SendAndWait] Error: Channel error: cannot send/recv

1594344404921	mozrunner::runner	INFO	Running command: "C:\\Program Files\\Mozilla Firefox\\firefox.exe" "-marionette" "-foreground" "-no-remote" "-profile" "C:\\Users\\willlee\\AppData\\Local\\Temp\\rust_mozprofile.9JRzcj9AuBMs"
JavaScript error: resource://gre/modules/XULStore.jsm, line 66: Error: Can't find profile directory.
1594344407170	Marionette	INFO	Listening on port 52748
1594344407641	Marionette	WARN	TLS certificate errors will be ignored for this session
JavaScript error: https://apex.natinst.com/apex/f?p=NIAPEXMENU:101, line 132: ReferenceError: html_GetElement is not defined
1594345150422	mozrunner::runner	INFO	Running command: "C:\\Program Files\\Mozilla Firefox\\firefox.exe" "-marionette" "-foreground" "-no-remote" "-profile" "C:\\Users\\willlee\\AppData\\Local\\Temp\\rust_mozprofile.B6cHUL6W905A"
JavaScript error: resource://gre/modules/XULStore.jsm, line 66: Error: Can't find profile directory.
1594345153134	Marionette	INFO	Listening on port 52904
1594345153143	Marionette	WARN	TLS certificate errors will be ignored for this session
JavaScript error: https://apex.natinst.com/apex/f?p=NIAPEXMENU:101, line 132: ReferenceError: html_GetElement is not defined
1594345594649	mozrunner::runner	INFO	Running command: "C:\\Program Files\\Mozilla Firefox\\firefox.exe" "-marionette" "-foreground" "-no-remote" "-profile" "C:\\Users\\willlee\\AppData\\Local\\Temp\\rust_mozprofile.QFxhDFdU46tz"
JavaScript error: resource://gre/modules/XULStore.jsm, line 66: Error: Can't find profile directory.
1594345596857	Marionette	INFO	Listening on port 53006
1594345596870	Marionette	WARN	TLS certificate errors will be ignored for this session
JavaScript error: https://apex.natinst.com/apex/f?p=NIAPEXMENU:101, line 132: ReferenceError: html_GetElement is not defined
1594346301390	mozrunner::runner	INFO	Running command: "C:\\Program Files\\Mozilla Firefox\\firefox.exe" "-marionette" "-foreground" "-no-remote" "-profile" "C:\\Users\\willlee\\AppData\\Local\\Temp\\rust_mozprofile.a7v0vF1Gwrre"
JavaScript error: resource://gre/modules/XULStore.jsm, line 66: Error: Can't find profile directory.
1594346304030	Marionette	INFO	Listening on port 53161
1594346304113	Marionette	WARN	TLS certificate errors will be ignored for this session
JavaScript error: https://apex.natinst.com/apex/f?p=NIAPEXMENU:101, line 132: ReferenceError: html_GetElement is not defined
1594346840151	mozrunner::runner	INFO	Running command: "C:\\Program Files\\Mozilla Firefox\\firefox.exe" "-marionette" "-foreground" "-no-remote" "-profile" "C:\\Users\\willlee\\AppData\\Local\\Temp\\rust_mozprofile.Dgdt4xB2MDOB"
JavaScript error: resource://gre/modules/XULStore.jsm, line 66: Error: Can't find profile directory.
1594346842316	Marionette	INFO	Listening on port 53236
1594346842370	Marionette	WARN	TLS certificate errors will be ignored for this session
JavaScript error: https://apex.natinst.com/apex/f?p=NIAPEXMENU:101, line 132: ReferenceError: html_GetElement is not defined
1594347056499	mozrunner::runner	INFO	Running command: "C:\\Program Files\\Mozilla Firefox\\firefox.exe" "-marionette" "-foreground" "-no-remote" "-profile" "C:\\Users\\willlee\\AppData\\Local\\Temp\\rust_mozprofile.aT43mtUVnKXx"
JavaScript error: resource://gre/modules/XULStore.jsm, line 66: Error: Can't find profile directory.
1594347058923	Marionette	INFO	Listening on port 53331
1594347059216	Marionette	WARN	TLS certificate errors will be ignored for this session
JavaScript error: https://apex.natinst.com/apex/f?p=NIAPEXMENU:101, line 132: ReferenceError: html_GetElement is not defined
1594347375531	mozrunner::runner	INFO	Running command: "C:\\Program Files\\Mozilla Firefox\\firefox.exe" "-marionette" "-foreground" "-no-remote" "-profile" "C:\\Users\\willlee\\AppData\\Local\\Temp\\rust_mozprofile.VDl9sIGh4JAH"
JavaScript error: resource://gre/modules/XULStore.jsm, line 66: Error: Can't find profile directory.
1594347377977	Marionette	INFO	Listening on port 53435
1594347378252	Marionette	WARN	TLS certificate errors will be ignored for this session
JavaScript error: https://apex.natinst.com/apex/f?p=NIAPEXMENU:101, line 132: ReferenceError: html_GetElement is not defined
1594349856041	mozrunner::runner	INFO	Running command: "C:\\Program Files\\Mozilla Firefox\\firefox.exe" "-marionette" "-foreground" "-no-remote" "-profile" "C:\\Users\\willlee\\AppData\\Local\\Temp\\rust_mozprofile.LNMi20iBDOK7"
JavaScript error: resource://gre/modules/XULStore.jsm, line 66: Error: Can't find profile directory.
1594349859072	Marionette	INFO	Listening on port 54181
1594349859261	Marionette	WARN	TLS certificate errors will be ignored for this session
JavaScript error: https://apex.natinst.com/apex/f?p=NIAPEXMENU:101, line 132: ReferenceError: html_GetElement is not defined
1594350100237	mozrunner::runner	INFO	Running command: "C:\\Program Files\\Mozilla Firefox\\firefox.exe" "-marionette" "-foreground" "-no-remote" "-profile" "C:\\Users\\willlee\\AppData\\Local\\Temp\\rust_mozprofile.ueirTsyZJona"
JavaScript error: resource://gre/modules/XULStore.jsm, line 66: Error: Can't find profile directory.
1594350104723	Marionette	INFO	Listening on port 54290
1594350105163	Marionette	WARN	TLS certificate errors will be ignored for this session
JavaScript error: https://apex.natinst.com/apex/f?p=NIAPEXMENU:101, line 132: ReferenceError: html_GetElement is not defined
1594359408332	mozrunner::runner	INFO	Running command: "C:\\Program Files\\Mozilla Firefox\\firefox.exe" "-marionette" "-foreground" "-no-remote" "-profile" "C:\\Users\\willlee\\AppData\\Local\\Temp\\rust_mozprofile.6J0Zzt1eFIsr"
JavaScript error: resource://gre/modules/XULStore.jsm, line 66: Error: Can't find profile directory.
1594359410893	Marionette	INFO	Listening on port 52815
1594359411049	Marionette	WARN	TLS certificate errors will be ignored for this session
JavaScript error: https://apex.natinst.com/apex/f?p=NIAPEXMENU:101, line 132: ReferenceError: html_GetElement is not defined
1594360030963	Marionette	INFO	Stopped listening on port 52815

###!!! [Child][RunMessage] Error: Channel closing: too late to send/recv, messages will be lost


###!!! [Child][MessageChannel::SendAndWait] Error: Channel error: cannot send/recv

rce://gre/modules/XULStore.jsm, line 66: Error: Can't find profile directory.
1594359935774	Marionette	INFO	Listening on port 52964
1594359936202	Marionette	WARN	TLS certificate errors will be ignored for this session
JavaScript error: https://apex.natinst.com/apex/f?p=NIAPEXMENU:101, line 132: ReferenceError: html_GetElement is not defined

###!!! [Child][RunMessage] Error: Channel closing: too late to send/recv, messages will be lost

1594362653951	Marionette	INFO	Stopped listening on port 52964

###!!! [Child][RunMessage] Error: Channel closing: too late to send/recv, messages will be lost


###!!! [Child][MessageChannel::SendAndWait] Error: Channel error: cannot send/recv

te	INFO	Listening on port 53091
1594360466799	Marionette	WARN	TLS certificate errors will be ignored for this session
JavaScript error: https://apex.natinst.com/apex/f?p=NIAPEXMENU:101, line 132: ReferenceError: html_GetElement is not defined
1594360704375	mozrunner::runner	INFO	Running command: "C:\\Program Files\\Mozilla Firefox\\firefox.exe" "-marionette" "-foreground" "-no-remote" "-profile" "C:\\Users\\willlee\\AppData\\Local\\Temp\\rust_mozprofile.GbTBmCYARHzv"
JavaScript error: resource://gre/modules/XULStore.jsm, line 66: Error: Can't find profile directory.
1594360706783	Marionette	INFO	Listening on port 53266
1594360707103	Marionette	WARN	TLS certificate errors will be ignored for this session
JavaScript error: https://apex.natinst.com/apex/f?p=NIAPEXMENU:101, line 132: ReferenceError: html_GetElement is not defined
1594361121307	mozrunner::runner	INFO	Running command: "C:\\Program Files\\Mozilla Firefox\\firefox.exe" "-marionette" "-foreground" "-no-remote" "-profile" "C:\\Users\\willlee\\AppData\\Local\\Temp\\rust_mozprofile.nPUvSgoXEYeC"
JavaScript error: resource://gre/modules/XULStore.jsm, line 66: Error: Can't find profile directory.
1594361123652	Marionette	INFO	Listening on port 53393
1594361124026	Marionette	WARN	TLS certificate errors will be ignored for this session
JavaScript error: https://apex.natinst.com/apex/f?p=NIAPEXMENU:101, line 132: ReferenceError: html_GetElement is not defined
1594361747895	mozrunner::runner	INFO	Running command: "C:\\Program Files\\Mozilla Firefox\\firefox.exe" "-marionette" "-foreground" "-no-remote" "-profile" "C:\\Users\\willlee\\AppData\\Local\\Temp\\rust_mozprofile.9gDPVKRlpJaj"
JavaScript error: resource://gre/modules/XULStore.jsm, line 66: Error: Can't find profile directory.
1594361750336	Marionette	INFO	Listening on port 53563
1594361750612	Marionette	WARN	TLS certificate errors will be ignored for this session
JavaScript error: https://apex.natinst.com/apex/f?p=NIAPEXMENU:101, line 132: ReferenceError: html_GetElement is not defined
1594362255387	mozrunner::runner	INFO	Running command: "C:\\Program Files\\Mozilla Firefox\\firefox.exe" "-marionette" "-foreground" "-no-remote" "-profile" "C:\\Users\\willlee\\AppData\\Local\\Temp\\rust_mozprofile.4Mvi0iAcSKuz"
JavaScript error: resource://gre/modules/XULStore.jsm, line 66: Error: Can't find profile directory.
1594362257632	Marionette	INFO	Listening on port 53681
1594362258103	Marionette	WARN	TLS certificate errors will be ignored for this session
JavaScript error: https://apex.natinst.com/apex/f?p=NIAPEXMENU:101, line 132: ReferenceError: html_GetElement is not defined
1594362648404	mozrunner::runner	INFO	Running command: "C:\\Program Files\\Mozilla Firefox\\firefox.exe" "-marionette" "-foreground" "-no-remote" "-profile" "C:\\Users\\willlee\\AppData\\Local\\Temp\\rust_mozprofile.xIzDJvZtTG0m"
JavaScript error: resource://gre/modules/XULStore.jsm, line 66: Error: Can't find profile directory.
1594362650869	Marionette	INFO	Listening on port 53790
1594362651127	Marionette	WARN	TLS certificate errors will be ignored for this session
JavaScript error: https://apex.natinst.com/apex/f?p=NIAPEXMENU:101, line 132: ReferenceError: html_GetElement is not defined
1594363292889	Marionette	INFO	Stopped listening on port 53790

###!!! [Child][RunMessage] Error: Channel closing: too late to send/recv, messages will be lost


###!!! [Child][MessageChannel::SendAndWait] Error: Channel error: cannot send/recv

1594363305299	mozrunner::runner	INFO	Running command: "C:\\Program Files\\Mozilla Firefox\\firefox.exe" "-marionette" "-foreground" "-no-remote" "-profile" "C:\\Users\\willlee\\AppData\\Local\\Temp\\rust_mozprofile.9uSrnNohYIMN"
JavaScript error: resource://gre/modules/XULStore.jsm, line 66: Error: Can't find profile directory.
1594363308563	Marionette	INFO	Listening on port 54042
1594363308621	Marionette	WARN	TLS certificate errors will be ignored for this session
JavaScript error: https://apex.natinst.com/apex/f?p=NIAPEXMENU:101, line 132: ReferenceError: html_GetElement is not defined
1594364013095	mozrunner::runner	INFO	Running command: "C:\\Program Files\\Mozilla Firefox\\firefox.exe" "-marionette" "-foreground" "-no-remote" "-profile" "C:\\Users\\willlee\\AppData\\Local\\Temp\\rust_mozprofile.ivTlRLaImRIa"
JavaScript error: resource://gre/modules/XULStore.jsm, line 66: Error: Can't find profile directory.
1594364016049	Marionette	INFO	Listening on port 54244
1594364016316	Marionette	WARN	TLS certificate errors will be ignored for this session
JavaScript error: https://apex.natinst.com/apex/f?p=NIAPEXMENU:101, line 132: ReferenceError: html_GetElement is not defined
1594364264258	mozrunner::runner	INFO	Running command: "C:\\Program Files\\Mozilla Firefox\\firefox.exe" "-marionette" "-foreground" "-no-remote" "-profile" "C:\\Users\\willlee\\AppData\\Local\\Temp\\rust_mozprofile.yzumEe3wkIVc"
JavaScript error: resource://gre/modules/XULStore.jsm, line 66: Error: Can't find profile directory.
1594364267633	Marionette	INFO	Listening on port 54355
1594364268079	Marionette	WARN	TLS certificate errors will be ignored for this session
JavaScript error: https://apex.natinst.com/apex/f?p=NIAPEXMENU:101, line 132: ReferenceError: html_GetElement is not defined
1594364877781	mozrunner::runner	INFO	Running command: "C:\\Program Files\\Mozilla Firefox\\firefox.exe" "-marionette" "-foreground" "-no-remote" "-profile" "C:\\Users\\willlee\\AppData\\Local\\Temp\\rust_mozprofile.TWJLeRMWb8Qd"
JavaScript error: resource://gre/modules/XULStore.jsm, line 66: Error: Can't find profile directory.
1594364880371	Marionette	INFO	Listening on port 54500
1594364880503	Marionette	WARN	TLS certificate errors will be ignored for this session
JavaScript error: https://apex.natinst.com/apex/f?p=NIAPEXMENU:101, line 132: ReferenceError: html_GetElement is not defined
1594365284439	Marionette	INFO	Stopped listening on port 54500

###!!! [Child][RunMessage] Error: Channel closing: too late to send/recv, messages will be lost


###!!! [Child][MessageChannel::SendAndWait] Error: Channel error: cannot send/recv

1594365297025	mozrunner::runner	INFO	Running command: "C:\\Program Files\\Mozilla Firefox\\firefox.exe" "-marionette" "-foreground" "-no-remote" "-profile" "C:\\Users\\willlee\\AppData\\Local\\Temp\\rust_mozprofile.vrjeyHDXxQQ6"
JavaScript error: resource://gre/modules/XULStore.jsm, line 66: Error: Can't find profile directory.
1594365300062	Marionette	INFO	Listening on port 54613
1594365300253	Marionette	WARN	TLS certificate errors will be ignored for this session
JavaScript error: https://apex.natinst.com/apex/f?p=NIAPEXMENU:101, line 132: ReferenceError: html_GetElement is not defined
1594366999619	Marionette	INFO	Stopped listening on port 54613

###!!! [Child][RunMessage] Error: Channel closing: too late to send/recv, messages will be lost


###!!! [Child][MessageChannel::SendAndWait] Error: Channel error: cannot send/recv

rce://gre/modules/XULStore.jsm, line 66: Error: Can't find profile directory.
1594365949522	Marionette	INFO	Listening on port 60754
1594365949906	Marionette	WARN	TLS certificate errors will be ignored for this session
JavaScript error: https://apex.natinst.com/apex/f?p=NIAPEXMENU:101, line 132: ReferenceError: html_GetElement is not defined
1594366970035	Marionette	INFO	Stopped listening on port 60754

###!!! [Child][RunMessage] Error: Channel closing: too late to send/recv, messages will be lost


###!!! [Child][MessageChannel::SendAndWait] Error: Channel error: cannot send/recv

1594367084558	mozrunner::runner	INFO	Running command: "C:\\Program Files\\Mozilla Firefox\\firefox.exe" "-marionette" "-foreground" "-no-remote" "-profile" "C:\\Users\\willlee\\AppData\\Local\\Temp\\rust_mozprofile.N8mAXB0myxZb"
JavaScript error: resource://gre/modules/XULStore.jsm, line 66: Error: Can't find profile directory.
1594367086941	Marionette	INFO	Listening on port 61034
1594367087275	Marionette	WARN	TLS certificate errors will be ignored for this session
JavaScript error: https://apex.natinst.com/apex/f?p=NIAPEXMENU:101, line 132: ReferenceError: html_GetElement is not defined
1594367506991	mozrunner::runner	INFO	Running command: "C:\\Program Files\\Mozilla Firefox\\firefox.exe" "-marionette" "-foreground" "-no-remote" "-profile" "C:\\Users\\willlee\\AppData\\Local\\Temp\\rust_mozprofile.0gfzcakuZt6X"
JavaScript error: resource://gre/modules/XULStore.jsm, line 66: Error: Can't find profile directory.
1594367509241	Marionette	INFO	Listening on port 61144
1594367509715	Marionette	WARN	TLS certificate errors will be ignored for this session
JavaScript error: https://apex.natinst.com/apex/f?p=NIAPEXMENU:101, line 132: ReferenceError: html_GetElement is not defined
1594371096715	mozrunner::runner	INFO	Running command: "C:\\Program Files\\Mozilla Firefox\\firefox.exe" "-marionette" "-foreground" "-no-remote" "-profile" "C:\\Users\\willlee\\AppData\\Local\\Temp\\rust_mozprofile.CPKLIPZqGG7X"
JavaScript error: resource://gre/modules/XULStore.jsm, line 66: Error: Can't find profile directory.
1594371099032	Marionette	INFO	Listening on port 61826
1594371099432	Marionette	WARN	TLS certificate errors will be ignored for this session
JavaScript error: https://apex.natinst.com/apex/f?p=NIAPEXMENU:101, line 132: ReferenceError: html_GetElement is not defined
1594371477722	mozrunner::runner	INFO	Running command: "C:\\Program Files\\Mozilla Firefox\\firefox.exe" "-marionette" "-foreground" "-no-remote" "-profile" "C:\\Users\\willlee\\AppData\\Local\\Temp\\rust_mozprofile.UnYt9NTl9Uls"
JavaScript error: resource://gre/modules/XULStore.jsm, line 66: Error: Can't find profile directory.
1594371481385	Marionette	INFO	Listening on port 61956
1594371481561	Marionette	WARN	TLS certificate errors will be ignored for this session
JavaScript error: https://apex.natinst.com/apex/f?p=NIAPEXMENU:101, line 132: ReferenceError: html_GetElement is not defined
1594371792821	mozrunner::runner	INFO	Running command: "C:\\Program Files\\Mozilla Firefox\\firefox.exe" "-marionette" "-foreground" "-no-remote" "-profile" "C:\\Users\\willlee\\AppData\\Local\\Temp\\rust_mozprofile.9sytVflwFd6q"
JavaScript error: resource://gre/modules/XULStore.jsm, line 66: Error: Can't find profile directory.
1594371795930	Marionette	INFO	Listening on port 62062
1594371796048	Marionette	WARN	TLS certificate errors will be ignored for this session
JavaScript error: https://apex.natinst.com/apex/f?p=NIAPEXMENU:101, line 132: ReferenceError: html_GetElement is not defined
1594372344263	mozrunner::runner	INFO	Running command: "C:\\Program Files\\Mozilla Firefox\\firefox.exe" "-marionette" "-foreground" "-no-remote" "-profile" "C:\\Users\\willlee\\AppData\\Local\\Temp\\rust_mozprofile.EHlrz0UfSXng"
JavaScript error: resource://gre/modules/XULStore.jsm, line 66: Error: Can't find profile directory.
1594372346904	Marionette	INFO	Listening on port 62239
1594372346988	Marionette	WARN	TLS certificate errors will be ignored for this session
JavaScript error: https://apex.natinst.com/apex/f?p=NIAPEXMENU:101, line 132: ReferenceError: html_GetElement is not defined
1594372681034	mozrunner::runner	INFO	Running command: "C:\\Program Files\\Mozilla Firefox\\firefox.exe" "-marionette" "-foreground" "-no-remote" "-profile" "C:\\Users\\willlee\\AppData\\Local\\Temp\\rust_mozprofile.jWovqXY5ecVR"
JavaScript error: resource://gre/modules/XULStore.jsm, line 66: Error: Can't find profile directory.
1594372684182	Marionette	INFO	Listening on port 62336
1594372684256	Marionette	WARN	TLS certificate errors will be ignored for this session
JavaScript error: https://apex.natinst.com/apex/f?p=NIAPEXMENU:101, line 132: ReferenceError: html_GetElement is not defined
1594373603489	Marionette	INFO	Stopped listening on port 62336

###!!! [Child][MessageChannel::SendAndWait] Error: Channel error: cannot send/recv

1594374060042	mozrunner::runner	INFO	Running command: "C:\\Program Files\\Mozilla Firefox\\firefox.exe" "-marionette" "-foreground" "-no-remote" "-profile" "C:\\Users\\willlee\\AppData\\Local\\Temp\\rust_mozprofile.dg19tWXNKBPA"
JavaScript error: resource://gre/modules/XULStore.jsm, line 66: Error: Can't find profile directory.
1594374062900	Marionette	INFO	Listening on port 62726
1594374063264	Marionette	WARN	TLS certificate errors will be ignored for this session
JavaScript error: https://apex.natinst.com/apex/f?p=NIAPEXMENU:101, line 132: ReferenceError: html_GetElement is not defined
1594374802538	mozrunner::runner	INFO	Running command: "C:\\Program Files\\Mozilla Firefox\\firefox.exe" "-marionette" "-foreground" "-no-remote" "-profile" "C:\\Users\\willlee\\AppData\\Local\\Temp\\rust_mozprofile.Q32CfKp4UD28"
JavaScript error: resource://gre/modules/XULStore.jsm, line 66: Error: Can't find profile directory.
1594374804523	Marionette	INFO	Listening on port 62966
1594374804652	Marionette	WARN	TLS certificate errors will be ignored for this session
JavaScript error: https://apex.natinst.com/apex/f?p=NIAPEXMENU:101, line 132: ReferenceError: html_GetElement is not defined
1594375710466	Marionette	INFO	Stopped listening on port 62966

###!!! [Child][RunMessage] Error: Channel closing: too late to send/recv, messages will be lost


###!!! [Child][MessageChannel::SendAndWait] Error: Channel error: cannot send/recv

